<?xml version="1.0" encoding="UTF-8"?>
<testsuite xmlns:xsi="http://www.w3.org/2001/XMLSchema-instance" xsi:noNamespaceSchemaLocation="https://maven.apache.org/surefire/maven-surefire-plugin/xsd/surefire-test-report.xsd" name="com.craftinginterpreters.ScannerTest" time="0.897" tests="6" errors="6" skipped="0" failures="0">
  <properties>
[...]
</properties>
  <testcase name="shouldCheckTokensListAndTokenType" classname="com.craftinginterpreters.ScannerTest" time="0.672">
    <error message="&#10;Mockito cannot mock this class: interface java.util.List.&#10;&#10;If you&apos;re not sure why you&apos;re getting this error, please open an issue on GitHub.&#10;&#10;&#10;Java               : 21&#10;JVM vendor name    : Oracle Corporation&#10;JVM vendor version : 21.0.2+13-LTS-58&#10;JVM name           : Java HotSpot(TM) 64-Bit Server VM&#10;JVM version        : 21.0.2+13-LTS-58&#10;JVM info           : mixed mode, sharing&#10;OS name            : Windows 11&#10;OS version         : 10.0&#10;&#10;&#10;You are seeing this disclaimer because Mockito is configured to create inlined mocks.&#10;You can learn about inline mocks and their limitations under item #39 of the Mockito class javadoc.&#10;&#10;Underlying exception : org.mockito.exceptions.base.MockitoException: Could not modify all classes [interface java.lang.Iterable, interface java.util.List, interface java.util.Collection, interface java.util.SequencedCollection]" type="org.mockito.exceptions.base.MockitoException">org.mockito.exceptions.base.MockitoException: 

Mockito cannot mock this class: interface java.util.List.

If you're not sure why you're getting this error, please open an issue on GitHub.


Java               : 21
JVM vendor name    : Oracle Corporation
JVM vendor version : 21.0.2+13-LTS-58
JVM name           : Java HotSpot(TM) 64-Bit Server VM
JVM version        : 21.0.2+13-LTS-58
JVM info           : mixed mode, sharing
OS name            : Windows 11
OS version         : 10.0


You are seeing this disclaimer because Mockito is configured to create inlined mocks.
You can learn about inline mocks and their limitations under item #39 of the Mockito class javadoc.

Underlying exception : org.mockito.exceptions.base.MockitoException: Could not modify all classes [interface java.lang.Iterable, interface java.util.List, interface java.util.Collection, interface java.util.SequencedCollection]
Caused by: org.mockito.exceptions.base.MockitoException: Could not modify all classes [interface java.lang.Iterable, interface java.util.List, interface java.util.Collection, interface java.util.SequencedCollection]
Caused by: java.lang.IllegalStateException: 

Byte Buddy could not instrument all classes within the mock's type hierarchy

This problem should never occur for javac-compiled classes. This problem has been observed for classes that are:
 - Compiled by older versions of scalac
 - Classes that are part of the Android distribution
Caused by: java.lang.IllegalArgumentException: Java 21 (65) is not supported by the current version of Byte Buddy which officially supports Java 20 (64) - update Byte Buddy or set net.bytebuddy.experimental as a VM property
</error>
    <system-err><![CDATA[WARNING: A Java agent has been loaded dynamically (C:\Users\joao\.m2\repository\net\bytebuddy\byte-buddy-agent\1.14.1\byte-buddy-agent-1.14.1.jar)
WARNING: If a serviceability tool is in use, please run with -XX:+EnableDynamicAgentLoading to hide this warning
WARNING: If a serviceability tool is not in use, please run with -Djdk.instrument.traceUsage for more information
WARNING: Dynamic loading of agents will be disallowed by default in a future release
]]></system-err>
  </testcase>
  <testcase name="shouldAnswerFalseToDigitChar" classname="com.craftinginterpreters.ScannerTest" time="0.057">
    <error message="&#10;Mockito cannot mock this class: interface java.util.List.&#10;&#10;If you&apos;re not sure why you&apos;re getting this error, please open an issue on GitHub.&#10;&#10;&#10;Java               : 21&#10;JVM vendor name    : Oracle Corporation&#10;JVM vendor version : 21.0.2+13-LTS-58&#10;JVM name           : Java HotSpot(TM) 64-Bit Server VM&#10;JVM version        : 21.0.2+13-LTS-58&#10;JVM info           : mixed mode, sharing&#10;OS name            : Windows 11&#10;OS version         : 10.0&#10;&#10;&#10;You are seeing this disclaimer because Mockito is configured to create inlined mocks.&#10;You can learn about inline mocks and their limitations under item #39 of the Mockito class javadoc.&#10;&#10;Underlying exception : org.mockito.exceptions.base.MockitoException: Could not modify all classes [interface java.lang.Iterable, interface java.util.List, interface java.util.Collection, interface java.util.SequencedCollection]" type="org.mockito.exceptions.base.MockitoException">org.mockito.exceptions.base.MockitoException: 

Mockito cannot mock this class: interface java.util.List.

If you're not sure why you're getting this error, please open an issue on GitHub.


Java               : 21
JVM vendor name    : Oracle Corporation
JVM vendor version : 21.0.2+13-LTS-58
JVM name           : Java HotSpot(TM) 64-Bit Server VM
JVM version        : 21.0.2+13-LTS-58
JVM info           : mixed mode, sharing
OS name            : Windows 11
OS version         : 10.0


You are seeing this disclaimer because Mockito is configured to create inlined mocks.
You can learn about inline mocks and their limitations under item #39 of the Mockito class javadoc.

Underlying exception : org.mockito.exceptions.base.MockitoException: Could not modify all classes [interface java.lang.Iterable, interface java.util.List, interface java.util.Collection, interface java.util.SequencedCollection]
Caused by: org.mockito.exceptions.base.MockitoException: Could not modify all classes [interface java.lang.Iterable, interface java.util.List, interface java.util.Collection, interface java.util.SequencedCollection]
Caused by: java.lang.IllegalStateException: 

Byte Buddy could not instrument all classes within the mock's type hierarchy

This problem should never occur for javac-compiled classes. This problem has been observed for classes that are:
 - Compiled by older versions of scalac
 - Classes that are part of the Android distribution
Caused by: java.lang.IllegalArgumentException: Java 21 (65) is not supported by the current version of Byte Buddy which officially supports Java 20 (64) - update Byte Buddy or set net.bytebuddy.experimental as a VM property
</error>
  </testcase>
  <testcase name="shouldCheckIfACharIsADigit" classname="com.craftinginterpreters.ScannerTest" time="0.05">
    <error message="&#10;Mockito cannot mock this class: interface java.util.List.&#10;&#10;If you&apos;re not sure why you&apos;re getting this error, please open an issue on GitHub.&#10;&#10;&#10;Java               : 21&#10;JVM vendor name    : Oracle Corporation&#10;JVM vendor version : 21.0.2+13-LTS-58&#10;JVM name           : Java HotSpot(TM) 64-Bit Server VM&#10;JVM version        : 21.0.2+13-LTS-58&#10;JVM info           : mixed mode, sharing&#10;OS name            : Windows 11&#10;OS version         : 10.0&#10;&#10;&#10;You are seeing this disclaimer because Mockito is configured to create inlined mocks.&#10;You can learn about inline mocks and their limitations under item #39 of the Mockito class javadoc.&#10;&#10;Underlying exception : org.mockito.exceptions.base.MockitoException: Could not modify all classes [interface java.lang.Iterable, interface java.util.List, interface java.util.Collection, interface java.util.SequencedCollection]" type="org.mockito.exceptions.base.MockitoException">org.mockito.exceptions.base.MockitoException: 

Mockito cannot mock this class: interface java.util.List.

If you're not sure why you're getting this error, please open an issue on GitHub.


Java               : 21
JVM vendor name    : Oracle Corporation
JVM vendor version : 21.0.2+13-LTS-58
JVM name           : Java HotSpot(TM) 64-Bit Server VM
JVM version        : 21.0.2+13-LTS-58
JVM info           : mixed mode, sharing
OS name            : Windows 11
OS version         : 10.0


You are seeing this disclaimer because Mockito is configured to create inlined mocks.
You can learn about inline mocks and their limitations under item #39 of the Mockito class javadoc.

Underlying exception : org.mockito.exceptions.base.MockitoException: Could not modify all classes [interface java.lang.Iterable, interface java.util.List, interface java.util.Collection, interface java.util.SequencedCollection]
Caused by: org.mockito.exceptions.base.MockitoException: Could not modify all classes [interface java.lang.Iterable, interface java.util.List, interface java.util.Collection, interface java.util.SequencedCollection]
Caused by: java.lang.IllegalStateException: 

Byte Buddy could not instrument all classes within the mock's type hierarchy

This problem should never occur for javac-compiled classes. This problem has been observed for classes that are:
 - Compiled by older versions of scalac
 - Classes that are part of the Android distribution
Caused by: java.lang.IllegalArgumentException: Java 21 (65) is not supported by the current version of Byte Buddy which officially supports Java 20 (64) - update Byte Buddy or set net.bytebuddy.experimental as a VM property
</error>
  </testcase>
  <testcase name="shouldReturnSomeCharsFromAdvance" classname="com.craftinginterpreters.ScannerTest" time="0.038">
    <error message="&#10;Mockito cannot mock this class: interface java.util.List.&#10;&#10;If you&apos;re not sure why you&apos;re getting this error, please open an issue on GitHub.&#10;&#10;&#10;Java               : 21&#10;JVM vendor name    : Oracle Corporation&#10;JVM vendor version : 21.0.2+13-LTS-58&#10;JVM name           : Java HotSpot(TM) 64-Bit Server VM&#10;JVM version        : 21.0.2+13-LTS-58&#10;JVM info           : mixed mode, sharing&#10;OS name            : Windows 11&#10;OS version         : 10.0&#10;&#10;&#10;You are seeing this disclaimer because Mockito is configured to create inlined mocks.&#10;You can learn about inline mocks and their limitations under item #39 of the Mockito class javadoc.&#10;&#10;Underlying exception : org.mockito.exceptions.base.MockitoException: Could not modify all classes [interface java.lang.Iterable, interface java.util.List, interface java.util.Collection, interface java.util.SequencedCollection]" type="org.mockito.exceptions.base.MockitoException">org.mockito.exceptions.base.MockitoException: 

Mockito cannot mock this class: interface java.util.List.

If you're not sure why you're getting this error, please open an issue on GitHub.


Java               : 21
JVM vendor name    : Oracle Corporation
JVM vendor version : 21.0.2+13-LTS-58
JVM name           : Java HotSpot(TM) 64-Bit Server VM
JVM version        : 21.0.2+13-LTS-58
JVM info           : mixed mode, sharing
OS name            : Windows 11
OS version         : 10.0


You are seeing this disclaimer because Mockito is configured to create inlined mocks.
You can learn about inline mocks and their limitations under item #39 of the Mockito class javadoc.

Underlying exception : org.mockito.exceptions.base.MockitoException: Could not modify all classes [interface java.lang.Iterable, interface java.util.List, interface java.util.Collection, interface java.util.SequencedCollection]
Caused by: org.mockito.exceptions.base.MockitoException: Could not modify all classes [interface java.lang.Iterable, interface java.util.List, interface java.util.Collection, interface java.util.SequencedCollection]
Caused by: java.lang.IllegalStateException: 

Byte Buddy could not instrument all classes within the mock's type hierarchy

This problem should never occur for javac-compiled classes. This problem has been observed for classes that are:
 - Compiled by older versions of scalac
 - Classes that are part of the Android distribution
Caused by: java.lang.IllegalArgumentException: Java 21 (65) is not supported by the current version of Byte Buddy which officially supports Java 20 (64) - update Byte Buddy or set net.bytebuddy.experimental as a VM property
</error>
  </testcase>
  <testcase name="shouldCheckScannerStringMethod" classname="com.craftinginterpreters.ScannerTest" time="0.031">
    <error message="&#10;Mockito cannot mock this class: interface java.util.List.&#10;&#10;If you&apos;re not sure why you&apos;re getting this error, please open an issue on GitHub.&#10;&#10;&#10;Java               : 21&#10;JVM vendor name    : Oracle Corporation&#10;JVM vendor version : 21.0.2+13-LTS-58&#10;JVM name           : Java HotSpot(TM) 64-Bit Server VM&#10;JVM version        : 21.0.2+13-LTS-58&#10;JVM info           : mixed mode, sharing&#10;OS name            : Windows 11&#10;OS version         : 10.0&#10;&#10;&#10;You are seeing this disclaimer because Mockito is configured to create inlined mocks.&#10;You can learn about inline mocks and their limitations under item #39 of the Mockito class javadoc.&#10;&#10;Underlying exception : org.mockito.exceptions.base.MockitoException: Could not modify all classes [interface java.lang.Iterable, interface java.util.List, interface java.util.Collection, interface java.util.SequencedCollection]" type="org.mockito.exceptions.base.MockitoException">org.mockito.exceptions.base.MockitoException: 

Mockito cannot mock this class: interface java.util.List.

If you're not sure why you're getting this error, please open an issue on GitHub.


Java               : 21
JVM vendor name    : Oracle Corporation
JVM vendor version : 21.0.2+13-LTS-58
JVM name           : Java HotSpot(TM) 64-Bit Server VM
JVM version        : 21.0.2+13-LTS-58
JVM info           : mixed mode, sharing
OS name            : Windows 11
OS version         : 10.0


You are seeing this disclaimer because Mockito is configured to create inlined mocks.
You can learn about inline mocks and their limitations under item #39 of the Mockito class javadoc.

Underlying exception : org.mockito.exceptions.base.MockitoException: Could not modify all classes [interface java.lang.Iterable, interface java.util.List, interface java.util.Collection, interface java.util.SequencedCollection]
Caused by: org.mockito.exceptions.base.MockitoException: Could not modify all classes [interface java.lang.Iterable, interface java.util.List, interface java.util.Collection, interface java.util.SequencedCollection]
Caused by: java.lang.IllegalStateException: 

Byte Buddy could not instrument all classes within the mock's type hierarchy

This problem should never occur for javac-compiled classes. This problem has been observed for classes that are:
 - Compiled by older versions of scalac
 - Classes that are part of the Android distribution
Caused by: java.lang.IllegalArgumentException: Java 21 (65) is not supported by the current version of Byte Buddy which officially supports Java 20 (64) - update Byte Buddy or set net.bytebuddy.experimental as a VM property
</error>
  </testcase>
  <testcase name="shouldReturnSomeCharsFromPeekNext" classname="com.craftinginterpreters.ScannerTest" time="0.027">
    <error message="&#10;Mockito cannot mock this class: interface java.util.List.&#10;&#10;If you&apos;re not sure why you&apos;re getting this error, please open an issue on GitHub.&#10;&#10;&#10;Java               : 21&#10;JVM vendor name    : Oracle Corporation&#10;JVM vendor version : 21.0.2+13-LTS-58&#10;JVM name           : Java HotSpot(TM) 64-Bit Server VM&#10;JVM version        : 21.0.2+13-LTS-58&#10;JVM info           : mixed mode, sharing&#10;OS name            : Windows 11&#10;OS version         : 10.0&#10;&#10;&#10;You are seeing this disclaimer because Mockito is configured to create inlined mocks.&#10;You can learn about inline mocks and their limitations under item #39 of the Mockito class javadoc.&#10;&#10;Underlying exception : org.mockito.exceptions.base.MockitoException: Could not modify all classes [interface java.lang.Iterable, interface java.util.List, interface java.util.Collection, interface java.util.SequencedCollection]" type="org.mockito.exceptions.base.MockitoException">org.mockito.exceptions.base.MockitoException: 

Mockito cannot mock this class: interface java.util.List.

If you're not sure why you're getting this error, please open an issue on GitHub.


Java               : 21
JVM vendor name    : Oracle Corporation
JVM vendor version : 21.0.2+13-LTS-58
JVM name           : Java HotSpot(TM) 64-Bit Server VM
JVM version        : 21.0.2+13-LTS-58
JVM info           : mixed mode, sharing
OS name            : Windows 11
OS version         : 10.0


You are seeing this disclaimer because Mockito is configured to create inlined mocks.
You can learn about inline mocks and their limitations under item #39 of the Mockito class javadoc.

Underlying exception : org.mockito.exceptions.base.MockitoException: Could not modify all classes [interface java.lang.Iterable, interface java.util.List, interface java.util.Collection, interface java.util.SequencedCollection]
Caused by: org.mockito.exceptions.base.MockitoException: Could not modify all classes [interface java.lang.Iterable, interface java.util.List, interface java.util.Collection, interface java.util.SequencedCollection]
Caused by: java.lang.IllegalStateException: 

Byte Buddy could not instrument all classes within the mock's type hierarchy

This problem should never occur for javac-compiled classes. This problem has been observed for classes that are:
 - Compiled by older versions of scalac
 - Classes that are part of the Android distribution
Caused by: java.lang.IllegalArgumentException: Java 21 (65) is not supported by the current version of Byte Buddy which officially supports Java 20 (64) - update Byte Buddy or set net.bytebuddy.experimental as a VM property
</error>
  </testcase>
</testsuite>